2025-03-23 15:41:01,502 - INFO - شروع اسکریپت main.py
2025-03-23 15:41:01,545 - INFO - پنجره اصلی ساخته شد
2025-03-23 15:41:01,644 - INFO - شروع حلقه اصلی
2025-03-23 15:41:12,819 - INFO - پایان اسکریپت main.py
2025-03-23 15:42:29,845 - INFO - شروع اسکریپت main.py
2025-03-23 15:42:29,888 - INFO - پنجره اصلی ساخته شد
2025-03-23 15:42:29,982 - INFO - شروع حلقه اصلی
2025-03-23 15:42:32,717 - INFO - پایان اسکریپت main.py
2025-03-23 15:42:56,728 - INFO - شروع اسکریپت main.py
2025-03-23 15:42:56,771 - INFO - پنجره اصلی ساخته شد
2025-03-23 15:42:56,867 - INFO - شروع حلقه اصلی
2025-03-23 15:43:02,499 - INFO - پایان اسکریپت main.py
2025-03-23 15:43:34,685 - INFO - شروع اسکریپت main.py
2025-03-23 15:43:34,728 - INFO - پنجره اصلی ساخته شد
2025-03-23 15:43:34,822 - INFO - شروع حلقه اصلی
2025-03-23 15:43:37,707 - INFO - پایان اسکریپت main.py
2025-03-23 15:46:02,138 - INFO - شروع اسکریپت main.py
2025-03-23 15:46:02,181 - INFO - پنجره اصلی ساخته شد
2025-03-23 15:46:02,528 - INFO - شروع حلقه اصلی
2025-03-23 15:46:11,129 - INFO - پایان اسکریپت main.py
2025-03-23 15:47:07,469 - INFO - شروع اسکریپت main.py
2025-03-23 15:47:07,512 - INFO - پنجره اصلی ساخته شد
2025-03-23 15:47:07,620 - INFO - شروع حلقه اصلی
2025-03-23 15:47:11,559 - INFO - پایان اسکریپت main.py
2025-03-23 15:47:37,803 - INFO - شروع اسکریپت main.py
2025-03-23 15:47:37,846 - INFO - پنجره اصلی ساخته شد
2025-03-23 15:47:37,922 - INFO - شروع حلقه اصلی
2025-03-23 15:47:49,941 - INFO - پایان اسکریپت main.py
2025-03-23 15:49:56,811 - INFO - شروع اسکریپت main.py
2025-03-23 15:49:56,857 - INFO - پنجره اصلی ساخته شد
2025-03-23 15:49:56,939 - INFO - شروع حلقه اصلی
2025-03-23 15:50:04,905 - INFO - پایان اسکریپت main.py
2025-03-23 15:51:38,383 - INFO - شروع اسکریپت main.py
2025-03-23 15:51:38,427 - INFO - پنجره اصلی ساخته شد
2025-03-23 15:51:38,559 - INFO - شروع حلقه اصلی
2025-03-23 15:51:41,459 - INFO - پایان اسکریپت main.py
2025-03-23 15:53:24,997 - INFO - شروع اسکریپت main.py
2025-03-23 15:53:25,042 - INFO - پنجره اصلی ساخته شد
2025-03-23 15:53:25,170 - INFO - شروع حلقه اصلی
2025-03-23 15:53:37,750 - INFO - پایان اسکریپت main.py
2025-03-23 15:56:08,287 - INFO - شروع اسکریپت main.py
2025-03-23 15:56:08,330 - INFO - پنجره اصلی ساخته شد
2025-03-23 15:56:08,452 - INFO - شروع حلقه اصلی
2025-03-23 15:56:11,110 - INFO - پایان اسکریپت main.py
2025-03-23 15:56:12,635 - INFO - شروع اسکریپت main.py
2025-03-23 15:56:12,684 - INFO - پنجره اصلی ساخته شد
2025-03-23 15:56:12,840 - INFO - شروع حلقه اصلی
2025-03-23 15:56:20,760 - INFO - پایان اسکریپت main.py
2025-03-23 15:56:40,651 - INFO - شروع اسکریپت main.py
2025-03-23 15:56:40,705 - INFO - پنجره اصلی ساخته شد
2025-03-23 15:56:40,844 - INFO - شروع حلقه اصلی
2025-03-23 15:56:45,282 - INFO - پایان اسکریپت main.py
2025-03-23 15:56:59,181 - INFO - شروع اسکریپت main.py
2025-03-23 15:56:59,224 - INFO - پنجره اصلی ساخته شد
2025-03-23 15:56:59,350 - INFO - شروع حلقه اصلی
2025-03-23 15:57:14,742 - INFO - پایان اسکریپت main.py
2025-03-23 15:57:59,039 - INFO - شروع اسکریپت main.py
2025-03-23 15:57:59,083 - INFO - پنجره اصلی ساخته شد
2025-03-23 15:57:59,212 - INFO - شروع حلقه اصلی
2025-03-23 15:58:03,712 - INFO - پایان اسکریپت main.py
2025-03-23 15:58:26,709 - INFO - شروع اسکریپت main.py
2025-03-23 15:58:26,753 - INFO - پنجره اصلی ساخته شد
2025-03-23 15:58:26,882 - INFO - شروع حلقه اصلی
2025-03-23 15:58:37,064 - INFO - پایان اسکریپت main.py
2025-03-23 16:01:21,724 - INFO - شروع اسکریپت main.py
2025-03-23 16:01:21,768 - INFO - پنجره اصلی ساخته شد
2025-03-23 16:01:21,902 - INFO - شروع حلقه اصلی
2025-03-23 16:01:37,459 - INFO - پایان اسکریپت main.py
2025-03-23 16:04:33,773 - INFO - شروع اسکریپت main.py
2025-03-23 16:04:33,823 - INFO - پنجره اصلی ساخته شد
2025-03-23 16:04:33,968 - INFO - شروع حلقه اصلی
2025-03-23 16:04:56,321 - INFO - پایان اسکریپت main.py
2025-03-23 16:05:39,544 - INFO - شروع اسکریپت main.py
2025-03-23 16:05:39,589 - INFO - پنجره اصلی ساخته شد
2025-03-23 16:05:39,716 - INFO - شروع حلقه اصلی
2025-03-23 16:05:49,363 - INFO - پایان اسکریپت main.py
2025-03-23 16:06:50,603 - INFO - شروع اسکریپت main.py
2025-03-23 16:06:50,648 - INFO - پنجره اصلی ساخته شد
2025-03-23 16:06:50,783 - INFO - شروع حلقه اصلی
2025-03-23 16:07:07,091 - INFO - پایان اسکریپت main.py
2025-03-23 16:10:17,527 - INFO - شروع اسکریپت main.py
2025-03-23 16:10:17,570 - INFO - پنجره اصلی ساخته شد
2025-03-23 16:10:17,696 - INFO - شروع حلقه اصلی
2025-03-23 16:10:28,427 - INFO - پایان اسکریپت main.py
2025-03-23 16:12:38,885 - INFO - شروع اسکریپت main.py
2025-03-23 16:12:38,935 - INFO - پنجره اصلی ساخته شد
2025-03-23 16:12:39,076 - INFO - شروع حلقه اصلی
2025-03-23 16:12:41,985 - INFO - پایان اسکریپت main.py
2025-03-23 16:19:57,392 - INFO - شروع اسکریپت main.py
2025-03-23 16:19:57,437 - INFO - پنجره اصلی ساخته شد
2025-03-23 16:19:57,561 - INFO - شروع حلقه اصلی
2025-03-23 16:20:00,298 - INFO - پایان اسکریپت main.py
2025-03-23 16:27:41,088 - INFO - شروع اسکریپت main.py
2025-03-23 16:27:41,133 - INFO - پنجره اصلی ساخته شد
2025-03-23 16:27:41,285 - INFO - بک‌گراند با موفقیت لود شد
2025-03-23 16:27:41,288 - INFO - شروع حلقه اصلی
2025-03-23 16:27:43,420 - INFO - پایان اسکریپت main.py
2025-03-23 16:35:39,445 - INFO - شروع اسکریپت main.py
2025-03-23 16:35:39,488 - INFO - پنجره اصلی ساخته شد
2025-03-23 16:35:39,610 - INFO - بک‌گراند با موفقیت لود شد
2025-03-23 16:35:39,613 - INFO - شروع حلقه اصلی
2025-03-23 16:35:41,045 - INFO - پایان اسکریپت main.py
2025-03-23 18:36:46,814 - INFO - شروع اسکریپت main.py
2025-03-23 18:36:46,865 - INFO - پنجره اصلی ساخته شد
2025-03-23 18:36:46,865 - INFO - تلاش برای لود تصویر بک‌گراند
2025-03-23 18:36:46,985 - INFO - بک‌گراند با موفقیت لود شد
2025-03-23 18:36:46,988 - INFO - شروع حلقه اصلی
2025-03-23 18:36:49,396 - INFO - پایان اسکریپت main.py
2025-03-23 18:37:58,548 - INFO - شروع اسکریپت main.py
2025-03-23 18:37:58,592 - INFO - پنجره اصلی ساخته شد
2025-03-23 18:37:58,598 - INFO - تلاش برای لود تصویر از مسیر: G:/tachra_project/back6/backgerand\t1.jpg
2025-03-23 18:37:58,712 - INFO - بک‌گراند با موفقیت لود شد
2025-03-23 18:37:58,712 - INFO - شروع حلقه اصلی
2025-03-23 18:38:06,634 - INFO - پایان اسکریپت main.py
2025-03-23 18:39:16,945 - INFO - شروع اسکریپت main.py
2025-03-23 18:39:16,991 - INFO - پنجره اصلی ساخته شد
2025-03-23 18:39:16,997 - INFO - تلاش برای لود تصویر از مسیر: G:/tachra_project/back6/backgerand\t1.jpg
2025-03-23 18:39:17,117 - INFO - بک‌گراند با موفقیت لود شد
2025-03-23 18:39:17,118 - INFO - شروع حلقه اصلی
2025-03-23 18:39:25,392 - INFO - پایان اسکریپت main.py
2025-03-23 18:39:54,286 - INFO - شروع اسکریپت main.py
2025-03-23 18:39:54,330 - INFO - پنجره اصلی ساخته شد
2025-03-23 18:39:54,336 - INFO - تلاش برای لود تصویر از مسیر: G:/tachra_project/back6/backgerand\t1.jpg
2025-03-23 18:39:54,452 - INFO - بک‌گراند با موفقیت لود شد
2025-03-23 18:39:54,452 - INFO - شروع حلقه اصلی
2025-03-23 18:40:07,301 - INFO - پایان اسکریپت main.py
2025-03-23 18:44:59,043 - INFO - شروع اسکریپت main.py
2025-03-23 18:44:59,088 - INFO - پنجره اصلی ساخته شد
2025-03-23 18:44:59,134 - INFO - تلاش برای لود تصویر از مسیر: G:/tachra_project/back6/backgerand\t1.jpg
2025-03-23 18:44:59,253 - INFO - بک‌گراند با موفقیت لود شد
2025-03-23 18:44:59,253 - INFO - شروع حلقه اصلی
2025-03-23 18:45:08,203 - INFO - پایان اسکریپت main.py
2025-03-23 18:49:12,998 - INFO - شروع اسکریپت main.py
2025-03-23 18:49:13,043 - INFO - پنجره اصلی ساخته شد
2025-03-23 18:49:13,048 - INFO - تلاش برای لود تصویر از مسیر: G:/tachra_project/back6/backgerand\t1.jpg
2025-03-23 18:49:13,161 - INFO - بک‌گراند با موفقیت لود شد
2025-03-23 18:49:13,162 - INFO - شروع حلقه اصلی
2025-03-23 18:49:14,843 - INFO - باز کردن تب: قرارداد
2025-03-23 18:49:15,463 - INFO - باز کردن تب: پیش پرداخت
2025-03-23 18:49:15,881 - INFO - باز کردن تب: ضمانت نامه
2025-03-23 18:49:16,267 - INFO - باز کردن تب: هزینه‌ها
2025-03-23 18:49:17,097 - INFO - پایان اسکریپت main.py
2025-03-23 19:02:54,969 - INFO - شروع اسکریپت main.py
2025-03-23 19:02:55,014 - INFO - پنجره اصلی ساخته شد
2025-03-23 19:02:55,043 - INFO - تلاش برای لود تصویر از مسیر: G:/tachra_project/back6/backgerand\t1.jpg
2025-03-23 19:02:55,161 - INFO - بک‌گراند با موفقیت لود شد
2025-03-23 19:02:55,162 - INFO - شروع حلقه اصلی
2025-03-23 19:03:48,004 - INFO - پایان اسکریپت main.py
2025-03-23 19:11:24,027 - INFO - شروع اسکریپت main.py
2025-03-23 19:11:24,072 - INFO - پنجره اصلی ساخته شد
2025-03-23 19:11:24,106 - INFO - تلاش برای لود تصویر از مسیر: G:/tachra_project/back6/backgerand\t1.jpg
2025-03-23 19:11:24,224 - INFO - بک‌گراند با موفقیت لود شد
2025-03-23 19:11:24,225 - INFO - شروع حلقه اصلی
2025-03-23 19:11:26,899 - INFO - پایان اسکریپت main.py
2025-03-23 19:18:33,773 - INFO - شروع اسکریپت main.py
2025-03-23 19:18:33,818 - INFO - پنجره اصلی ساخته شد
2025-03-23 19:18:33,851 - INFO - تلاش برای لود تصویر از مسیر: G:/tachra_project/back6/backgerand\t1.jpg
2025-03-23 19:18:33,969 - INFO - بک‌گراند با موفقیت لود شد
2025-03-23 19:18:33,970 - INFO - شروع حلقه اصلی
2025-03-23 19:18:35,953 - INFO - پایان اسکریپت main.py
2025-03-23 19:28:11,017 - INFO - شروع اسکریپت main.py
2025-03-23 19:28:11,062 - INFO - پنجره اصلی ساخته شد
2025-03-23 19:28:11,062 - INFO - تلاش برای لود تصویر از مسیر: G:/tachra_project/back6/backgerand\t1.jpg
2025-03-23 19:28:11,175 - INFO - بک‌گراند با موفقیت لود شد
2025-03-23 19:28:11,178 - INFO - شروع حلقه اصلی
2025-03-23 19:28:14,124 - INFO - پایان اسکریپت main.py
2025-03-23 19:28:38,763 - INFO - شروع اسکریپت main.py
2025-03-23 19:28:38,810 - INFO - پنجره اصلی ساخته شد
2025-03-23 19:28:38,810 - INFO - تلاش برای لود تصویر از مسیر: G:/tachra_project/back6/backgerand\t1.jpg
2025-03-23 19:28:38,927 - INFO - بک‌گراند با موفقیت لود شد
2025-03-23 19:28:38,930 - INFO - شروع حلقه اصلی
2025-03-23 19:28:43,920 - INFO - پایان اسکریپت main.py
2025-03-23 19:29:18,732 - INFO - شروع اسکریپت main.py
2025-03-23 19:29:18,778 - INFO - پنجره اصلی ساخته شد
2025-03-23 19:29:18,778 - INFO - تلاش برای لود تصویر از مسیر: G:/tachra_project/back6/backgerand\t1.jpg
2025-03-23 19:29:18,796 - DEBUG - STREAM b'IHDR' 16 13
2025-03-23 19:29:19,179 - DEBUG - STREAM b'pHYs' 41 9
2025-03-23 19:29:19,179 - DEBUG - STREAM b'IDAT' 62 8192
2025-03-23 19:29:19,227 - INFO - بک‌گراند با موفقیت لود شد
2025-03-23 19:29:19,230 - INFO - شروع حلقه اصلی
2025-03-23 19:29:21,688 - INFO - پایان اسکریپت main.py
2025-03-23 19:33:37,815 - INFO - شروع اسکریپت main.py
2025-03-23 19:33:37,862 - INFO - پنجره اصلی ساخته شد
2025-03-23 19:33:37,867 - INFO - تلاش برای لود تصویر از مسیر: G:/tachra_project/back6/backgerand\t1.jpg
2025-03-23 19:33:37,880 - DEBUG - STREAM b'IHDR' 16 13
2025-03-23 19:33:37,880 - DEBUG - STREAM b'pHYs' 41 9
2025-03-23 19:33:37,880 - DEBUG - STREAM b'IDAT' 62 8192
2025-03-23 19:33:37,918 - INFO - بک‌گراند با موفقیت لود شد
2025-03-23 19:33:37,918 - INFO - شروع حلقه اصلی
2025-03-23 19:33:42,926 - INFO - پایان اسکریپت main.py
2025-03-23 19:58:01,794 - INFO - شروع اسکریپت با طراحی حرفه‌ای
2025-03-23 19:58:17,639 - INFO - شروع اسکریپت با طراحی حرفه‌ای
2025-03-23 19:59:15,547 - INFO - شروع اسکریپت با طراحی حرفه‌ای
2025-03-23 19:59:22,963 - INFO - شروع اسکریپت با طراحی حرفه‌ای
2025-03-23 21:25:31,133 - INFO - شروع اسکریپت main.py
2025-03-23 21:25:31,186 - INFO - پنجره اصلی ساخته شد
2025-03-23 21:25:31,198 - DEBUG - STREAM b'IHDR' 16 13
2025-03-23 21:25:31,198 - DEBUG - STREAM b'pHYs' 41 9
2025-03-23 21:25:31,198 - DEBUG - STREAM b'IDAT' 62 8192
2025-03-23 21:25:31,268 - INFO - بک‌گراند با موفقیت لود شد
2025-03-23 21:25:31,278 - INFO - شروع حلقه اصلی
2025-03-23 21:25:32,633 - INFO - پایان اسکریپت main.py
2025-03-23 21:28:24,476 - INFO - شروع اسکریپت با طراحی حرفه‌ای
2025-03-23 21:28:26,701 - INFO - شروع اسکریپت با طراحی حرفه‌ای
2025-03-23 22:05:14,478 - ERROR - خطا در لود بک‌گراند: [Errno 2] No such file or directory: 'G:/tachra_project/back6/background.jpg'
2025-03-23 22:08:51,135 - ERROR - خطا در لود بک‌گراند: [Errno 22] Invalid argument: 'G:\tachra_project\x08ack6\x08ackgerand\t12.jpg'
2025-03-23 22:09:25,485 - ERROR - خطا در لود بک‌گراند: [Errno 2] No such file or directory: 'G:/tachra_project/back6/backgerand/t12.jpg'
2025-03-23 22:12:36,140 - ERROR - خطا در لود بک‌گراند: [Errno 2] No such file or directory: 'G:/tachra_project/back6/backgerand/t12.jpg'
2025-03-23 23:11:04,459 - ERROR - خطا در لود بک‌گراند: فایل G:/tachra_project/back6/backgerand/t12.jpg پیدا نشد
2025-03-23 23:12:35,220 - ERROR - خطا در لود بک‌گراند: فایل G:/tachra_project/back6/backgerand/t12.jpg پیدا نشد
